____________    ________     ________________
___  ____/_ |  / /_  __ \    ___  __ \__  __ )
__  __/  __ | / /_  / / /    __  /_/ /_  __  |
_  /___  __ |/ / / /_/ /     _  ____/_  /_/ /
/_____/  _____/  \____/      /_/     /_____/
10:39:15 [Error] System.IO.FileLoadException: Non è stato possibile caricare il file o l'assembly 'System.Runtime.CompilerServices.Unsafe, Version=4.0.4.0, Culture=neutral, PublicKeyToken=b03f5f7f11d50a3a' o una delle relative dipendenze. La definizione di manifesto dell'assembly specificato non corrisponde al riferimento all'assembly. (Eccezione da HRESULT: 0x80131040)
Nome file: 'System.Runtime.CompilerServices.Unsafe, Version=4.0.4.0, Culture=neutral, PublicKeyToken=b03f5f7f11d50a3a'
   in System.Threading.Tasks.ValueTask`1.get_IsCompleted()
   in Npgsql.NpgsqlConnection.<>c__DisplayClass32_0.<<Open>g__OpenLong|0>d.MoveNext()
--- Fine traccia dello stack da posizione precedente dove è stata generata l'eccezione ---
   in System.Runtime.ExceptionServices.ExceptionDispatchInfo.Throw()
   in System.Runtime.CompilerServices.TaskAwaiter.HandleNonSuccessAndDebuggerNotification(Task task)
   in Npgsql.NpgsqlConnection.Open()
   in PointBlank.Core.Xml.BasicInventoryXml.Load() in E:\Progetti\Point-Blank-Revolution\PointBlank.Core\Xml\BasicInventoryXml.cs:riga 21

AVV: la registrazione dell'associazione di assembly è disattivata.
Per abilitare la registrazione degli errori di associazione di assembly, impostare il valore del Registro di sistema [HKLM\Software\Microsoft\Fusion!EnableLog] (DWORD) su 1.
Nota: alcune penalità di prestazione sono associate alla registrazione degli errori di associazione di assembly.
Per disattivare la funzionalità, rimuovere il valore del Registro di sistema [HKLM\Software\Microsoft\Fusion!EnableLog].

10:39:15 [Error] System.IO.FileLoadException: Non è stato possibile caricare il file o l'assembly 'System.Runtime.CompilerServices.Unsafe, Version=4.0.4.0, Culture=neutral, PublicKeyToken=b03f5f7f11d50a3a' o una delle relative dipendenze. La definizione di manifesto dell'assembly specificato non corrisponde al riferimento all'assembly. (Eccezione da HRESULT: 0x80131040)
Nome file: 'System.Runtime.CompilerServices.Unsafe, Version=4.0.4.0, Culture=neutral, PublicKeyToken=b03f5f7f11d50a3a'
   in System.Threading.Tasks.ValueTask`1.get_IsCompleted()
   in Npgsql.NpgsqlConnection.<>c__DisplayClass32_0.<<Open>g__OpenLong|0>d.MoveNext()
--- Fine traccia dello stack da posizione precedente dove è stata generata l'eccezione ---
   in System.Runtime.ExceptionServices.ExceptionDispatchInfo.Throw()
   in System.Runtime.CompilerServices.TaskAwaiter.HandleNonSuccessAndDebuggerNotification(Task task)
   in Npgsql.NpgsqlConnection.Open()
   in PointBlank.Core.Managers.Server.ServerConfigSyncer.GenerateConfig(Int32 configId) in E:\Progetti\Point-Blank-Revolution\PointBlank.Core\Managers\Server\ServerConfigSyncer.cs:riga 23

AVV: la registrazione dell'associazione di assembly è disattivata.
Per abilitare la registrazione degli errori di associazione di assembly, impostare il valore del Registro di sistema [HKLM\Software\Microsoft\Fusion!EnableLog] (DWORD) su 1.
Nota: alcune penalità di prestazione sono associate alla registrazione degli errori di associazione di assembly.
Per disattivare la funzionalità, rimuovere il valore del Registro di sistema [HKLM\Software\Microsoft\Fusion!EnableLog].

10:39:15 [Error] System.IO.FileLoadException: Non è stato possibile caricare il file o l'assembly 'System.Runtime.CompilerServices.Unsafe, Version=4.0.4.0, Culture=neutral, PublicKeyToken=b03f5f7f11d50a3a' o una delle relative dipendenze. La definizione di manifesto dell'assembly specificato non corrisponde al riferimento all'assembly. (Eccezione da HRESULT: 0x80131040)
Nome file: 'System.Runtime.CompilerServices.Unsafe, Version=4.0.4.0, Culture=neutral, PublicKeyToken=b03f5f7f11d50a3a'
   in System.Threading.Tasks.ValueTask`1.get_IsCompleted()
   in Npgsql.NpgsqlConnection.<>c__DisplayClass32_0.<<Open>g__OpenLong|0>d.MoveNext()
--- Fine traccia dello stack da posizione precedente dove è stata generata l'eccezione ---
   in System.Runtime.ExceptionServices.ExceptionDispatchInfo.Throw()
   in System.Runtime.CompilerServices.TaskAwaiter.HandleNonSuccessAndDebuggerNotification(Task task)
   in Npgsql.NpgsqlConnection.Open()
   in PointBlank.Core.Xml.ServersXml.Load() in E:\Progetti\Point-Blank-Revolution\PointBlank.Core\Xml\ServersXml.cs:riga 37

AVV: la registrazione dell'associazione di assembly è disattivata.
Per abilitare la registrazione degli errori di associazione di assembly, impostare il valore del Registro di sistema [HKLM\Software\Microsoft\Fusion!EnableLog] (DWORD) su 1.
Nota: alcune penalità di prestazione sono associate alla registrazione degli errori di associazione di assembly.
Per disattivare la funzionalità, rimuovere il valore del Registro di sistema [HKLM\Software\Microsoft\Fusion!EnableLog].

10:39:15 [Error] System.IO.FileLoadException: Non è stato possibile caricare il file o l'assembly 'System.Runtime.CompilerServices.Unsafe, Version=4.0.4.0, Culture=neutral, PublicKeyToken=b03f5f7f11d50a3a' o una delle relative dipendenze. La definizione di manifesto dell'assembly specificato non corrisponde al riferimento all'assembly. (Eccezione da HRESULT: 0x80131040)
Nome file: 'System.Runtime.CompilerServices.Unsafe, Version=4.0.4.0, Culture=neutral, PublicKeyToken=b03f5f7f11d50a3a'
   in System.Threading.Tasks.ValueTask`1.get_IsCompleted()
   in Npgsql.NpgsqlConnection.<>c__DisplayClass32_0.<<Open>g__OpenLong|0>d.MoveNext()
--- Fine traccia dello stack da posizione precedente dove è stata generata l'eccezione ---
   in System.Runtime.ExceptionServices.ExceptionDispatchInfo.Throw()
   in System.Runtime.CompilerServices.TaskAwaiter.HandleNonSuccessAndDebuggerNotification(Task task)
   in Npgsql.NpgsqlConnection.Open()
   in PointBlank.Game.Data.Xml.ChannelsXml.Load(Int32 serverId) in E:\Progetti\Point-Blank-Revolution\PointBlank.Game\Data\Xml\ChannelsXml.cs:riga 23

AVV: la registrazione dell'associazione di assembly è disattivata.
Per abilitare la registrazione degli errori di associazione di assembly, impostare il valore del Registro di sistema [HKLM\Software\Microsoft\Fusion!EnableLog] (DWORD) su 1.
Nota: alcune penalità di prestazione sono associate alla registrazione degli errori di associazione di assembly.
Per disattivare la funzionalità, rimuovere il valore del Registro di sistema [HKLM\Software\Microsoft\Fusion!EnableLog].

10:39:15 [Error] System.IO.FileLoadException: Non è stato possibile caricare il file o l'assembly 'System.Runtime.CompilerServices.Unsafe, Version=4.0.4.0, Culture=neutral, PublicKeyToken=b03f5f7f11d50a3a' o una delle relative dipendenze. La definizione di manifesto dell'assembly specificato non corrisponde al riferimento all'assembly. (Eccezione da HRESULT: 0x80131040)
Nome file: 'System.Runtime.CompilerServices.Unsafe, Version=4.0.4.0, Culture=neutral, PublicKeyToken=b03f5f7f11d50a3a'
   in System.Threading.Tasks.ValueTask`1.get_IsCompleted()
   in Npgsql.NpgsqlConnection.<>c__DisplayClass32_0.<<Open>g__OpenLong|0>d.MoveNext()
--- Fine traccia dello stack da posizione precedente dove è stata generata l'eccezione ---
   in System.Runtime.ExceptionServices.ExceptionDispatchInfo.Throw()
   in System.Runtime.CompilerServices.TaskAwaiter.HandleNonSuccessAndDebuggerNotification(Task task)
   in Npgsql.NpgsqlConnection.Open()
   in PointBlank.Core.Managers.Events.EventVisitSyncer.GenerateList() in E:\Progetti\Point-Blank-Revolution\PointBlank.Core\Managers\Events\EventVisitSyncer.cs:riga 23

AVV: la registrazione dell'associazione di assembly è disattivata.
Per abilitare la registrazione degli errori di associazione di assembly, impostare il valore del Registro di sistema [HKLM\Software\Microsoft\Fusion!EnableLog] (DWORD) su 1.
Nota: alcune penalità di prestazione sono associate alla registrazione degli errori di associazione di assembly.
Per disattivare la funzionalità, rimuovere il valore del Registro di sistema [HKLM\Software\Microsoft\Fusion!EnableLog].

10:39:15 [Error] System.IO.FileLoadException: Non è stato possibile caricare il file o l'assembly 'System.Runtime.CompilerServices.Unsafe, Version=4.0.4.0, Culture=neutral, PublicKeyToken=b03f5f7f11d50a3a' o una delle relative dipendenze. La definizione di manifesto dell'assembly specificato non corrisponde al riferimento all'assembly. (Eccezione da HRESULT: 0x80131040)
Nome file: 'System.Runtime.CompilerServices.Unsafe, Version=4.0.4.0, Culture=neutral, PublicKeyToken=b03f5f7f11d50a3a'
   in System.Threading.Tasks.ValueTask`1.get_IsCompleted()
   in Npgsql.NpgsqlConnection.<>c__DisplayClass32_0.<<Open>g__OpenLong|0>d.MoveNext()
--- Fine traccia dello stack da posizione precedente dove è stata generata l'eccezione ---
   in System.Runtime.ExceptionServices.ExceptionDispatchInfo.Throw()
   in System.Runtime.CompilerServices.TaskAwaiter.HandleNonSuccessAndDebuggerNotification(Task task)
   in Npgsql.NpgsqlConnection.Open()
   in PointBlank.Core.Managers.Events.EventLoginSyncer.GenerateList() in E:\Progetti\Point-Blank-Revolution\PointBlank.Core\Managers\Events\EventLoginSyncer.cs:riga 21

AVV: la registrazione dell'associazione di assembly è disattivata.
Per abilitare la registrazione degli errori di associazione di assembly, impostare il valore del Registro di sistema [HKLM\Software\Microsoft\Fusion!EnableLog] (DWORD) su 1.
Nota: alcune penalità di prestazione sono associate alla registrazione degli errori di associazione di assembly.
Per disattivare la funzionalità, rimuovere il valore del Registro di sistema [HKLM\Software\Microsoft\Fusion!EnableLog].

10:39:15 [Error] System.IO.FileLoadException: Non è stato possibile caricare il file o l'assembly 'System.Runtime.CompilerServices.Unsafe, Version=4.0.4.0, Culture=neutral, PublicKeyToken=b03f5f7f11d50a3a' o una delle relative dipendenze. La definizione di manifesto dell'assembly specificato non corrisponde al riferimento all'assembly. (Eccezione da HRESULT: 0x80131040)
Nome file: 'System.Runtime.CompilerServices.Unsafe, Version=4.0.4.0, Culture=neutral, PublicKeyToken=b03f5f7f11d50a3a'
   in System.Threading.Tasks.ValueTask`1.get_IsCompleted()
   in Npgsql.NpgsqlConnection.<>c__DisplayClass32_0.<<Open>g__OpenLong|0>d.MoveNext()
--- Fine traccia dello stack da posizione precedente dove è stata generata l'eccezione ---
   in System.Runtime.ExceptionServices.ExceptionDispatchInfo.Throw()
   in System.Runtime.CompilerServices.TaskAwaiter.HandleNonSuccessAndDebuggerNotification(Task task)
   in Npgsql.NpgsqlConnection.Open()
   in PointBlank.Core.Managers.Events.EventMapSyncer.GenerateList() in E:\Progetti\Point-Blank-Revolution\PointBlank.Core\Managers\Events\EventMapSyncer.cs:riga 20

AVV: la registrazione dell'associazione di assembly è disattivata.
Per abilitare la registrazione degli errori di associazione di assembly, impostare il valore del Registro di sistema [HKLM\Software\Microsoft\Fusion!EnableLog] (DWORD) su 1.
Nota: alcune penalità di prestazione sono associate alla registrazione degli errori di associazione di assembly.
Per disattivare la funzionalità, rimuovere il valore del Registro di sistema [HKLM\Software\Microsoft\Fusion!EnableLog].

10:39:15 [Error] System.IO.FileLoadException: Non è stato possibile caricare il file o l'assembly 'System.Runtime.CompilerServices.Unsafe, Version=4.0.4.0, Culture=neutral, PublicKeyToken=b03f5f7f11d50a3a' o una delle relative dipendenze. La definizione di manifesto dell'assembly specificato non corrisponde al riferimento all'assembly. (Eccezione da HRESULT: 0x80131040)
Nome file: 'System.Runtime.CompilerServices.Unsafe, Version=4.0.4.0, Culture=neutral, PublicKeyToken=b03f5f7f11d50a3a'
   in System.Threading.Tasks.ValueTask`1.get_IsCompleted()
   in Npgsql.NpgsqlConnection.<>c__DisplayClass32_0.<<Open>g__OpenLong|0>d.MoveNext()
--- Fine traccia dello stack da posizione precedente dove è stata generata l'eccezione ---
   in System.Runtime.ExceptionServices.ExceptionDispatchInfo.Throw()
   in System.Runtime.CompilerServices.TaskAwaiter.HandleNonSuccessAndDebuggerNotification(Task task)
   in Npgsql.NpgsqlConnection.Open()
   in PointBlank.Core.Managers.Events.EventPlayTimeSyncer.GenerateList() in E:\Progetti\Point-Blank-Revolution\PointBlank.Core\Managers\Events\EventPlayTimeSyncer.cs:riga 23

AVV: la registrazione dell'associazione di assembly è disattivata.
Per abilitare la registrazione degli errori di associazione di assembly, impostare il valore del Registro di sistema [HKLM\Software\Microsoft\Fusion!EnableLog] (DWORD) su 1.
Nota: alcune penalità di prestazione sono associate alla registrazione degli errori di associazione di assembly.
Per disattivare la funzionalità, rimuovere il valore del Registro di sistema [HKLM\Software\Microsoft\Fusion!EnableLog].

10:39:16 [Error] System.IO.FileLoadException: Non è stato possibile caricare il file o l'assembly 'System.Runtime.CompilerServices.Unsafe, Version=4.0.4.0, Culture=neutral, PublicKeyToken=b03f5f7f11d50a3a' o una delle relative dipendenze. La definizione di manifesto dell'assembly specificato non corrisponde al riferimento all'assembly. (Eccezione da HRESULT: 0x80131040)
Nome file: 'System.Runtime.CompilerServices.Unsafe, Version=4.0.4.0, Culture=neutral, PublicKeyToken=b03f5f7f11d50a3a'
   in System.Threading.Tasks.ValueTask`1.get_IsCompleted()
   in Npgsql.NpgsqlConnection.<>c__DisplayClass32_0.<<Open>g__OpenLong|0>d.MoveNext()
--- Fine traccia dello stack da posizione precedente dove è stata generata l'eccezione ---
   in System.Runtime.ExceptionServices.ExceptionDispatchInfo.Throw()
   in System.Runtime.CompilerServices.TaskAwaiter.HandleNonSuccessAndDebuggerNotification(Task task)
   in Npgsql.NpgsqlConnection.Open()
   in PointBlank.Core.Managers.Events.EventQuestSyncer.GenerateList() in E:\Progetti\Point-Blank-Revolution\PointBlank.Core\Managers\Events\EventQuestSyncer.cs:riga 22

AVV: la registrazione dell'associazione di assembly è disattivata.
Per abilitare la registrazione degli errori di associazione di assembly, impostare il valore del Registro di sistema [HKLM\Software\Microsoft\Fusion!EnableLog] (DWORD) su 1.
Nota: alcune penalità di prestazione sono associate alla registrazione degli errori di associazione di assembly.
Per disattivare la funzionalità, rimuovere il valore del Registro di sistema [HKLM\Software\Microsoft\Fusion!EnableLog].

10:39:16 [Error] System.IO.FileLoadException: Non è stato possibile caricare il file o l'assembly 'System.Runtime.CompilerServices.Unsafe, Version=4.0.4.0, Culture=neutral, PublicKeyToken=b03f5f7f11d50a3a' o una delle relative dipendenze. La definizione di manifesto dell'assembly specificato non corrisponde al riferimento all'assembly. (Eccezione da HRESULT: 0x80131040)
Nome file: 'System.Runtime.CompilerServices.Unsafe, Version=4.0.4.0, Culture=neutral, PublicKeyToken=b03f5f7f11d50a3a'
   in System.Threading.Tasks.ValueTask`1.get_IsCompleted()
   in Npgsql.NpgsqlConnection.<>c__DisplayClass32_0.<<Open>g__OpenLong|0>d.MoveNext()
--- Fine traccia dello stack da posizione precedente dove è stata generata l'eccezione ---
   in System.Runtime.ExceptionServices.ExceptionDispatchInfo.Throw()
   in System.Runtime.CompilerServices.TaskAwaiter.HandleNonSuccessAndDebuggerNotification(Task task)
   in Npgsql.NpgsqlConnection.Open()
   in PointBlank.Core.Managers.Events.EventRankUpSyncer.GenerateList() in E:\Progetti\Point-Blank-Revolution\PointBlank.Core\Managers\Events\EventRankUpSyncer.cs:riga 20

AVV: la registrazione dell'associazione di assembly è disattivata.
Per abilitare la registrazione degli errori di associazione di assembly, impostare il valore del Registro di sistema [HKLM\Software\Microsoft\Fusion!EnableLog] (DWORD) su 1.
Nota: alcune penalità di prestazione sono associate alla registrazione degli errori di associazione di assembly.
Per disattivare la funzionalità, rimuovere il valore del Registro di sistema [HKLM\Software\Microsoft\Fusion!EnableLog].

10:39:16 [Error] System.IO.FileLoadException: Non è stato possibile caricare il file o l'assembly 'System.Runtime.CompilerServices.Unsafe, Version=4.0.4.0, Culture=neutral, PublicKeyToken=b03f5f7f11d50a3a' o una delle relative dipendenze. La definizione di manifesto dell'assembly specificato non corrisponde al riferimento all'assembly. (Eccezione da HRESULT: 0x80131040)
Nome file: 'System.Runtime.CompilerServices.Unsafe, Version=4.0.4.0, Culture=neutral, PublicKeyToken=b03f5f7f11d50a3a'
   in System.Threading.Tasks.ValueTask`1.get_IsCompleted()
   in Npgsql.NpgsqlConnection.<>c__DisplayClass32_0.<<Open>g__OpenLong|0>d.MoveNext()
--- Fine traccia dello stack da posizione precedente dove è stata generata l'eccezione ---
   in System.Runtime.ExceptionServices.ExceptionDispatchInfo.Throw()
   in System.Runtime.CompilerServices.TaskAwaiter.HandleNonSuccessAndDebuggerNotification(Task task)
   in Npgsql.NpgsqlConnection.Open()
   in PointBlank.Core.Managers.Events.EventXmasSyncer.GenerateList() in E:\Progetti\Point-Blank-Revolution\PointBlank.Core\Managers\Events\EventXmasSyncer.cs:riga 20

AVV: la registrazione dell'associazione di assembly è disattivata.
Per abilitare la registrazione degli errori di associazione di assembly, impostare il valore del Registro di sistema [HKLM\Software\Microsoft\Fusion!EnableLog] (DWORD) su 1.
Nota: alcune penalità di prestazione sono associate alla registrazione degli errori di associazione di assembly.
Per disattivare la funzionalità, rimuovere il valore del Registro di sistema [HKLM\Software\Microsoft\Fusion!EnableLog].

10:39:16 [Error] System.IO.FileLoadException: Non è stato possibile caricare il file o l'assembly 'System.Runtime.CompilerServices.Unsafe, Version=4.0.4.0, Culture=neutral, PublicKeyToken=b03f5f7f11d50a3a' o una delle relative dipendenze. La definizione di manifesto dell'assembly specificato non corrisponde al riferimento all'assembly. (Eccezione da HRESULT: 0x80131040)
Nome file: 'System.Runtime.CompilerServices.Unsafe, Version=4.0.4.0, Culture=neutral, PublicKeyToken=b03f5f7f11d50a3a'
   in System.Threading.Tasks.ValueTask`1.get_IsCompleted()
   in Npgsql.NpgsqlConnection.<>c__DisplayClass32_0.<<Open>g__OpenLong|0>d.MoveNext()
--- Fine traccia dello stack da posizione precedente dove è stata generata l'eccezione ---
   in System.Runtime.ExceptionServices.ExceptionDispatchInfo.Throw()
   in System.Runtime.CompilerServices.TaskAwaiter.HandleNonSuccessAndDebuggerNotification(Task task)
   in Npgsql.NpgsqlConnection.Open()
   in PointBlank.Game.Data.Managers.ClanManager.Load() in E:\Progetti\Point-Blank-Revolution\PointBlank.Game\Data\Managers\ClanManager.cs:riga 26

AVV: la registrazione dell'associazione di assembly è disattivata.
Per abilitare la registrazione degli errori di associazione di assembly, impostare il valore del Registro di sistema [HKLM\Software\Microsoft\Fusion!EnableLog] (DWORD) su 1.
Nota: alcune penalità di prestazione sono associate alla registrazione degli errori di associazione di assembly.
Per disattivare la funzionalità, rimuovere il valore del Registro di sistema [HKLM\Software\Microsoft\Fusion!EnableLog].

10:39:16 [Error] System.IO.FileLoadException: Non è stato possibile caricare il file o l'assembly 'System.Runtime.CompilerServices.Unsafe, Version=4.0.4.0, Culture=neutral, PublicKeyToken=b03f5f7f11d50a3a' o una delle relative dipendenze. La definizione di manifesto dell'assembly specificato non corrisponde al riferimento all'assembly. (Eccezione da HRESULT: 0x80131040)
Nome file: 'System.Runtime.CompilerServices.Unsafe, Version=4.0.4.0, Culture=neutral, PublicKeyToken=b03f5f7f11d50a3a'
   in System.Threading.Tasks.ValueTask`1.get_IsCompleted()
   in Npgsql.NpgsqlConnection.<>c__DisplayClass32_0.<<Open>g__OpenLong|0>d.MoveNext()
--- Fine traccia dello stack da posizione precedente dove è stata generata l'eccezione ---
   in System.Runtime.ExceptionServices.ExceptionDispatchInfo.Throw()
   in System.Runtime.CompilerServices.TaskAwaiter.HandleNonSuccessAndDebuggerNotification(Task task)
   in Npgsql.NpgsqlConnection.Open()
   in PointBlank.Core.Xml.RankXml.LoadAwards() in E:\Progetti\Point-Blank-Revolution\PointBlank.Core\Xml\RankXml.cs:riga 108

AVV: la registrazione dell'associazione di assembly è disattivata.
Per abilitare la registrazione degli errori di associazione di assembly, impostare il valore del Registro di sistema [HKLM\Software\Microsoft\Fusion!EnableLog] (DWORD) su 1.
Nota: alcune penalità di prestazione sono associate alla registrazione degli errori di associazione di assembly.
Per disattivare la funzionalità, rimuovere il valore del Registro di sistema [HKLM\Software\Microsoft\Fusion!EnableLog].

10:39:16 [Error] System.IO.FileLoadException: Non è stato possibile caricare il file o l'assembly 'System.Runtime.CompilerServices.Unsafe, Version=4.0.4.0, Culture=neutral, PublicKeyToken=b03f5f7f11d50a3a' o una delle relative dipendenze. La definizione di manifesto dell'assembly specificato non corrisponde al riferimento all'assembly. (Eccezione da HRESULT: 0x80131040)
Nome file: 'System.Runtime.CompilerServices.Unsafe, Version=4.0.4.0, Culture=neutral, PublicKeyToken=b03f5f7f11d50a3a'
   in System.Threading.Tasks.ValueTask`1.get_IsCompleted()
   in Npgsql.NpgsqlConnection.<>c__DisplayClass32_0.<<Open>g__OpenLong|0>d.MoveNext()
--- Fine traccia dello stack da posizione precedente dove è stata generata l'eccezione ---
   in System.Runtime.ExceptionServices.ExceptionDispatchInfo.Throw()
   in System.Runtime.CompilerServices.TaskAwaiter.HandleNonSuccessAndDebuggerNotification(Task task)
   in Npgsql.NpgsqlConnection.Open()
   in PointBlank.Core.Xml.MissionsXml.Load() in E:\Progetti\Point-Blank-Revolution\PointBlank.Core\Xml\MissionsXml.cs:riga 21

AVV: la registrazione dell'associazione di assembly è disattivata.
Per abilitare la registrazione degli errori di associazione di assembly, impostare il valore del Registro di sistema [HKLM\Software\Microsoft\Fusion!EnableLog] (DWORD) su 1.
Nota: alcune penalità di prestazione sono associate alla registrazione degli errori di associazione di assembly.
Per disattivare la funzionalità, rimuovere il valore del Registro di sistema [HKLM\Software\Microsoft\Fusion!EnableLog].

10:39:16 [Error] System.IO.FileLoadException: Non è stato possibile caricare il file o l'assembly 'System.Runtime.CompilerServices.Unsafe, Version=4.0.4.0, Culture=neutral, PublicKeyToken=b03f5f7f11d50a3a' o una delle relative dipendenze. La definizione di manifesto dell'assembly specificato non corrisponde al riferimento all'assembly. (Eccezione da HRESULT: 0x80131040)
Nome file: 'System.Runtime.CompilerServices.Unsafe, Version=4.0.4.0, Culture=neutral, PublicKeyToken=b03f5f7f11d50a3a'
   in System.Threading.Tasks.ValueTask`1.get_IsCompleted()
   in Npgsql.NpgsqlConnection.<>c__DisplayClass32_0.<<Open>g__OpenLong|0>d.MoveNext()
--- Fine traccia dello stack da posizione precedente dove è stata generata l'eccezione ---
   in System.Runtime.ExceptionServices.ExceptionDispatchInfo.Throw()
   in System.Runtime.CompilerServices.TaskAwaiter.HandleNonSuccessAndDebuggerNotification(Task task)
   in Npgsql.NpgsqlConnection.Open()
   in PointBlank.Core.Managers.ShopManager.Load(Int32 type) in E:\Progetti\Point-Blank-Revolution\PointBlank.Core\Managers\ShopManager.cs:riga 33

AVV: la registrazione dell'associazione di assembly è disattivata.
Per abilitare la registrazione degli errori di associazione di assembly, impostare il valore del Registro di sistema [HKLM\Software\Microsoft\Fusion!EnableLog] (DWORD) su 1.
Nota: alcune penalità di prestazione sono associate alla registrazione degli errori di associazione di assembly.
Per disattivare la funzionalità, rimuovere il valore del Registro di sistema [HKLM\Software\Microsoft\Fusion!EnableLog].

10:39:16 [Error] System.IO.FileLoadException: Non è stato possibile caricare il file o l'assembly 'System.Runtime.CompilerServices.Unsafe, Version=4.0.4.0, Culture=neutral, PublicKeyToken=b03f5f7f11d50a3a' o una delle relative dipendenze. La definizione di manifesto dell'assembly specificato non corrisponde al riferimento all'assembly. (Eccezione da HRESULT: 0x80131040)
Nome file: 'System.Runtime.CompilerServices.Unsafe, Version=4.0.4.0, Culture=neutral, PublicKeyToken=b03f5f7f11d50a3a'
   in System.Threading.Tasks.ValueTask`1.get_IsCompleted()
   in Npgsql.NpgsqlConnection.<>c__DisplayClass32_0.<<Open>g__OpenLong|0>d.MoveNext()
--- Fine traccia dello stack da posizione precedente dove è stata generata l'eccezione ---
   in System.Runtime.ExceptionServices.ExceptionDispatchInfo.Throw()
   in System.Runtime.CompilerServices.TaskAwaiter.HandleNonSuccessAndDebuggerNotification(Task task)
   in Npgsql.NpgsqlConnection.Open()
   in PointBlank.Core.Managers.CouponEffectManager.LoadCouponFlags() in E:\Progetti\Point-Blank-Revolution\PointBlank.Core\Managers\CouponEffectManager.cs:riga 21

AVV: la registrazione dell'associazione di assembly è disattivata.
Per abilitare la registrazione degli errori di associazione di assembly, impostare il valore del Registro di sistema [HKLM\Software\Microsoft\Fusion!EnableLog] (DWORD) su 1.
Nota: alcune penalità di prestazione sono associate alla registrazione degli errori di associazione di assembly.
Per disattivare la funzionalità, rimuovere il valore del Registro di sistema [HKLM\Software\Microsoft\Fusion!EnableLog].

10:39:16 [Error] System.IO.FileLoadException: Non è stato possibile caricare il file o l'assembly 'System.Runtime.CompilerServices.Unsafe, Version=4.0.4.0, Culture=neutral, PublicKeyToken=b03f5f7f11d50a3a' o una delle relative dipendenze. La definizione di manifesto dell'assembly specificato non corrisponde al riferimento all'assembly. (Eccezione da HRESULT: 0x80131040)
Nome file: 'System.Runtime.CompilerServices.Unsafe, Version=4.0.4.0, Culture=neutral, PublicKeyToken=b03f5f7f11d50a3a'
   in System.Threading.Tasks.ValueTask`1.get_IsCompleted()
   in Npgsql.NpgsqlConnection.<>c__DisplayClass32_0.<<Open>g__OpenLong|0>d.MoveNext()
--- Fine traccia dello stack da posizione precedente dove è stata generata l'eccezione ---
   in System.Runtime.ExceptionServices.ExceptionDispatchInfo.Throw()
   in System.Runtime.CompilerServices.TaskAwaiter.HandleNonSuccessAndDebuggerNotification(Task task)
   in Npgsql.NpgsqlConnection.Open()
   in PointBlank.Core.Managers.ICafeManager.GetList() in E:\Progetti\Point-Blank-Revolution\PointBlank.Core\Managers\ICafeManager.cs:riga 23

AVV: la registrazione dell'associazione di assembly è disattivata.
Per abilitare la registrazione degli errori di associazione di assembly, impostare il valore del Registro di sistema [HKLM\Software\Microsoft\Fusion!EnableLog] (DWORD) su 1.
Nota: alcune penalità di prestazione sono associate alla registrazione degli errori di associazione di assembly.
Per disattivare la funzionalità, rimuovere il valore del Registro di sistema [HKLM\Software\Microsoft\Fusion!EnableLog].

10:39:16 [Error] System.IO.FileLoadException: Non è stato possibile caricare il file o l'assembly 'System.Runtime.CompilerServices.Unsafe, Version=4.0.4.0, Culture=neutral, PublicKeyToken=b03f5f7f11d50a3a' o una delle relative dipendenze. La definizione di manifesto dell'assembly specificato non corrisponde al riferimento all'assembly. (Eccezione da HRESULT: 0x80131040)
Nome file: 'System.Runtime.CompilerServices.Unsafe, Version=4.0.4.0, Culture=neutral, PublicKeyToken=b03f5f7f11d50a3a'
   in System.Threading.Tasks.ValueTask`1.get_IsCompleted()
   in Npgsql.NpgsqlConnection.<>c__DisplayClass32_0.<<Open>g__OpenLong|0>d.MoveNext()
--- Fine traccia dello stack da posizione precedente dove è stata generata l'eccezione ---
   in System.Runtime.ExceptionServices.ExceptionDispatchInfo.Throw()
   in System.Runtime.CompilerServices.TaskAwaiter.HandleNonSuccessAndDebuggerNotification(Task task)
   in Npgsql.NpgsqlConnection.Open()
   in PointBlank.Core.Managers.Server.ServerConfigSyncer.GenerateConfig(Int32 configId) in E:\Progetti\Point-Blank-Revolution\PointBlank.Core\Managers\Server\ServerConfigSyncer.cs:riga 23

AVV: la registrazione dell'associazione di assembly è disattivata.
Per abilitare la registrazione degli errori di associazione di assembly, impostare il valore del Registro di sistema [HKLM\Software\Microsoft\Fusion!EnableLog] (DWORD) su 1.
Nota: alcune penalità di prestazione sono associate alla registrazione degli errori di associazione di assembly.
Per disattivare la funzionalità, rimuovere il valore del Registro di sistema [HKLM\Software\Microsoft\Fusion!EnableLog].

10:39:16 [Error] System.Net.Sockets.SocketException (0x80004005): Indirizzo richiesto non valido nel proprio contesto
   in System.Net.Sockets.Socket.DoBind(EndPoint endPointSnapshot, SocketAddress socketAddress)
   in System.Net.Sockets.Socket.Bind(EndPoint localEP)
   in PointBlank.Game.GameManager.Start() in E:\Progetti\Point-Blank-Revolution\PointBlank.Game\GameManager.cs:riga 29
10:39:16 [Info] Text Encode: Europa occidentale (Windows)
10:39:16 [Info] Mode: Public
10:39:16 [Debug] Active Server. (16/07/21 10:39:16)
