____________    ________     ________________
___  ____/_ |  / /_  __ \    ___  __ \__  __ )
__  __/  __ | / /_  / / /    __  /_/ /_  __  |
_  /___  __ |/ / / /_/ /     _  ____/_  /_/ /
/_____/  _____/  \____/      /_/     /_____/
10:39:20 [Error] Npgsql.PostgresException (0x80004005): 42P01: la relazione "info_login_configs" non esiste
   in Npgsql.NpgsqlConnector.<>c__DisplayClass161_0.<<ReadMessage>g__ReadMessageLong|0>d.MoveNext()
--- Fine traccia dello stack da posizione precedente dove è stata generata l'eccezione ---
   in System.Runtime.ExceptionServices.ExceptionDispatchInfo.Throw()
   in Npgsql.NpgsqlConnector.<>c__DisplayClass161_0.<<ReadMessage>g__ReadMessageLong|0>d.MoveNext()
--- Fine traccia dello stack da posizione precedente dove è stata generata l'eccezione ---
   in System.Runtime.ExceptionServices.ExceptionDispatchInfo.Throw()
   in Npgsql.NpgsqlDataReader.<NextResult>d__46.MoveNext()
--- Fine traccia dello stack da posizione precedente dove è stata generata l'eccezione ---
   in System.Runtime.ExceptionServices.ExceptionDispatchInfo.Throw()
   in System.Runtime.CompilerServices.TaskAwaiter.HandleNonSuccessAndDebuggerNotification(Task task)
   in Npgsql.NpgsqlDataReader.NextResult()
   in Npgsql.NpgsqlCommand.<ExecuteDbDataReader>d__100.MoveNext()
--- Fine traccia dello stack da posizione precedente dove è stata generata l'eccezione ---
   in System.Runtime.ExceptionServices.ExceptionDispatchInfo.Throw()
   in System.Runtime.CompilerServices.TaskAwaiter.HandleNonSuccessAndDebuggerNotification(Task task)
   in Npgsql.NpgsqlCommand.ExecuteDbDataReader(CommandBehavior behavior)
   in Npgsql.NpgsqlCommand.ExecuteReader()
   in PointBlank.Core.Managers.Server.ServerConfigSyncer.GenerateConfig(Int32 configId) in E:\Progetti\Point-Blank-Revolution\PointBlank.Core\Managers\Server\ServerConfigSyncer.cs:riga 27
10:39:20 [Error] Npgsql.PostgresException (0x80004005): 42P01: la relazione "events_visit" non esiste
   in Npgsql.NpgsqlConnector.<>c__DisplayClass161_0.<<ReadMessage>g__ReadMessageLong|0>d.MoveNext()
--- Fine traccia dello stack da posizione precedente dove è stata generata l'eccezione ---
   in System.Runtime.ExceptionServices.ExceptionDispatchInfo.Throw()
   in Npgsql.NpgsqlConnector.<>c__DisplayClass161_0.<<ReadMessage>g__ReadMessageLong|0>d.MoveNext()
--- Fine traccia dello stack da posizione precedente dove è stata generata l'eccezione ---
   in System.Runtime.ExceptionServices.ExceptionDispatchInfo.Throw()
   in Npgsql.NpgsqlDataReader.<NextResult>d__46.MoveNext()
--- Fine traccia dello stack da posizione precedente dove è stata generata l'eccezione ---
   in System.Runtime.ExceptionServices.ExceptionDispatchInfo.Throw()
   in System.Runtime.CompilerServices.TaskAwaiter.HandleNonSuccessAndDebuggerNotification(Task task)
   in Npgsql.NpgsqlDataReader.NextResult()
   in Npgsql.NpgsqlCommand.<ExecuteDbDataReader>d__100.MoveNext()
--- Fine traccia dello stack da posizione precedente dove è stata generata l'eccezione ---
   in System.Runtime.ExceptionServices.ExceptionDispatchInfo.Throw()
   in System.Runtime.CompilerServices.TaskAwaiter.HandleNonSuccessAndDebuggerNotification(Task task)
   in Npgsql.NpgsqlCommand.ExecuteDbDataReader(CommandBehavior behavior)
   in Npgsql.NpgsqlCommand.ExecuteReader()
   in PointBlank.Core.Managers.Events.EventVisitSyncer.GenerateList() in E:\Progetti\Point-Blank-Revolution\PointBlank.Core\Managers\Events\EventVisitSyncer.cs:riga 26
10:39:20 [Error] Npgsql.PostgresException (0x80004005): 42P01: la relazione "events_login" non esiste
   in Npgsql.NpgsqlConnector.<>c__DisplayClass161_0.<<ReadMessage>g__ReadMessageLong|0>d.MoveNext()
--- Fine traccia dello stack da posizione precedente dove è stata generata l'eccezione ---
   in System.Runtime.ExceptionServices.ExceptionDispatchInfo.Throw()
   in Npgsql.NpgsqlConnector.<>c__DisplayClass161_0.<<ReadMessage>g__ReadMessageLong|0>d.MoveNext()
--- Fine traccia dello stack da posizione precedente dove è stata generata l'eccezione ---
   in System.Runtime.ExceptionServices.ExceptionDispatchInfo.Throw()
   in Npgsql.NpgsqlDataReader.<NextResult>d__46.MoveNext()
--- Fine traccia dello stack da posizione precedente dove è stata generata l'eccezione ---
   in System.Runtime.ExceptionServices.ExceptionDispatchInfo.Throw()
   in System.Runtime.CompilerServices.TaskAwaiter.HandleNonSuccessAndDebuggerNotification(Task task)
   in Npgsql.NpgsqlDataReader.NextResult()
   in Npgsql.NpgsqlCommand.<ExecuteDbDataReader>d__100.MoveNext()
--- Fine traccia dello stack da posizione precedente dove è stata generata l'eccezione ---
   in System.Runtime.ExceptionServices.ExceptionDispatchInfo.Throw()
   in System.Runtime.CompilerServices.TaskAwaiter.HandleNonSuccessAndDebuggerNotification(Task task)
   in Npgsql.NpgsqlCommand.ExecuteDbDataReader(CommandBehavior behavior)
   in Npgsql.NpgsqlCommand.ExecuteReader()
   in PointBlank.Core.Managers.Events.EventLoginSyncer.GenerateList() in E:\Progetti\Point-Blank-Revolution\PointBlank.Core\Managers\Events\EventLoginSyncer.cs:riga 24
10:39:20 [Error] Npgsql.PostgresException (0x80004005): 42P01: la relazione "events_mapbonus" non esiste
   in Npgsql.NpgsqlConnector.<>c__DisplayClass161_0.<<ReadMessage>g__ReadMessageLong|0>d.MoveNext()
--- Fine traccia dello stack da posizione precedente dove è stata generata l'eccezione ---
   in System.Runtime.ExceptionServices.ExceptionDispatchInfo.Throw()
   in Npgsql.NpgsqlConnector.<>c__DisplayClass161_0.<<ReadMessage>g__ReadMessageLong|0>d.MoveNext()
--- Fine traccia dello stack da posizione precedente dove è stata generata l'eccezione ---
   in System.Runtime.ExceptionServices.ExceptionDispatchInfo.Throw()
   in Npgsql.NpgsqlDataReader.<NextResult>d__46.MoveNext()
--- Fine traccia dello stack da posizione precedente dove è stata generata l'eccezione ---
   in System.Runtime.ExceptionServices.ExceptionDispatchInfo.Throw()
   in System.Runtime.CompilerServices.TaskAwaiter.HandleNonSuccessAndDebuggerNotification(Task task)
   in Npgsql.NpgsqlDataReader.NextResult()
   in Npgsql.NpgsqlCommand.<ExecuteDbDataReader>d__100.MoveNext()
--- Fine traccia dello stack da posizione precedente dove è stata generata l'eccezione ---
   in System.Runtime.ExceptionServices.ExceptionDispatchInfo.Throw()
   in System.Runtime.CompilerServices.TaskAwaiter.HandleNonSuccessAndDebuggerNotification(Task task)
   in Npgsql.NpgsqlCommand.ExecuteDbDataReader(CommandBehavior behavior)
   in Npgsql.NpgsqlCommand.ExecuteReader()
   in PointBlank.Core.Managers.Events.EventMapSyncer.GenerateList() in E:\Progetti\Point-Blank-Revolution\PointBlank.Core\Managers\Events\EventMapSyncer.cs:riga 23
10:39:20 [Error] Npgsql.PostgresException (0x80004005): 42P01: la relazione "events_playtime" non esiste
   in Npgsql.NpgsqlConnector.<>c__DisplayClass161_0.<<ReadMessage>g__ReadMessageLong|0>d.MoveNext()
--- Fine traccia dello stack da posizione precedente dove è stata generata l'eccezione ---
   in System.Runtime.ExceptionServices.ExceptionDispatchInfo.Throw()
   in Npgsql.NpgsqlConnector.<>c__DisplayClass161_0.<<ReadMessage>g__ReadMessageLong|0>d.MoveNext()
--- Fine traccia dello stack da posizione precedente dove è stata generata l'eccezione ---
   in System.Runtime.ExceptionServices.ExceptionDispatchInfo.Throw()
   in Npgsql.NpgsqlDataReader.<NextResult>d__46.MoveNext()
--- Fine traccia dello stack da posizione precedente dove è stata generata l'eccezione ---
   in System.Runtime.ExceptionServices.ExceptionDispatchInfo.Throw()
   in System.Runtime.CompilerServices.TaskAwaiter.HandleNonSuccessAndDebuggerNotification(Task task)
   in Npgsql.NpgsqlDataReader.NextResult()
   in Npgsql.NpgsqlCommand.<ExecuteDbDataReader>d__100.MoveNext()
--- Fine traccia dello stack da posizione precedente dove è stata generata l'eccezione ---
   in System.Runtime.ExceptionServices.ExceptionDispatchInfo.Throw()
   in System.Runtime.CompilerServices.TaskAwaiter.HandleNonSuccessAndDebuggerNotification(Task task)
   in Npgsql.NpgsqlCommand.ExecuteDbDataReader(CommandBehavior behavior)
   in Npgsql.NpgsqlCommand.ExecuteReader()
   in PointBlank.Core.Managers.Events.EventPlayTimeSyncer.GenerateList() in E:\Progetti\Point-Blank-Revolution\PointBlank.Core\Managers\Events\EventPlayTimeSyncer.cs:riga 26
10:39:20 [Error] Npgsql.PostgresException (0x80004005): 42P01: la relazione "events_quest" non esiste
   in Npgsql.NpgsqlConnector.<>c__DisplayClass161_0.<<ReadMessage>g__ReadMessageLong|0>d.MoveNext()
--- Fine traccia dello stack da posizione precedente dove è stata generata l'eccezione ---
   in System.Runtime.ExceptionServices.ExceptionDispatchInfo.Throw()
   in Npgsql.NpgsqlConnector.<>c__DisplayClass161_0.<<ReadMessage>g__ReadMessageLong|0>d.MoveNext()
--- Fine traccia dello stack da posizione precedente dove è stata generata l'eccezione ---
   in System.Runtime.ExceptionServices.ExceptionDispatchInfo.Throw()
   in Npgsql.NpgsqlDataReader.<NextResult>d__46.MoveNext()
--- Fine traccia dello stack da posizione precedente dove è stata generata l'eccezione ---
   in System.Runtime.ExceptionServices.ExceptionDispatchInfo.Throw()
   in System.Runtime.CompilerServices.TaskAwaiter.HandleNonSuccessAndDebuggerNotification(Task task)
   in Npgsql.NpgsqlDataReader.NextResult()
   in Npgsql.NpgsqlCommand.<ExecuteDbDataReader>d__100.MoveNext()
--- Fine traccia dello stack da posizione precedente dove è stata generata l'eccezione ---
   in System.Runtime.ExceptionServices.ExceptionDispatchInfo.Throw()
   in System.Runtime.CompilerServices.TaskAwaiter.HandleNonSuccessAndDebuggerNotification(Task task)
   in Npgsql.NpgsqlCommand.ExecuteDbDataReader(CommandBehavior behavior)
   in Npgsql.NpgsqlCommand.ExecuteReader()
   in PointBlank.Core.Managers.Events.EventQuestSyncer.GenerateList() in E:\Progetti\Point-Blank-Revolution\PointBlank.Core\Managers\Events\EventQuestSyncer.cs:riga 25
10:39:20 [Error] Npgsql.PostgresException (0x80004005): 42P01: la relazione "events_rankup" non esiste
   in Npgsql.NpgsqlConnector.<>c__DisplayClass161_0.<<ReadMessage>g__ReadMessageLong|0>d.MoveNext()
--- Fine traccia dello stack da posizione precedente dove è stata generata l'eccezione ---
   in System.Runtime.ExceptionServices.ExceptionDispatchInfo.Throw()
   in Npgsql.NpgsqlConnector.<>c__DisplayClass161_0.<<ReadMessage>g__ReadMessageLong|0>d.MoveNext()
--- Fine traccia dello stack da posizione precedente dove è stata generata l'eccezione ---
   in System.Runtime.ExceptionServices.ExceptionDispatchInfo.Throw()
   in Npgsql.NpgsqlDataReader.<NextResult>d__46.MoveNext()
--- Fine traccia dello stack da posizione precedente dove è stata generata l'eccezione ---
   in System.Runtime.ExceptionServices.ExceptionDispatchInfo.Throw()
   in System.Runtime.CompilerServices.TaskAwaiter.HandleNonSuccessAndDebuggerNotification(Task task)
   in Npgsql.NpgsqlDataReader.NextResult()
   in Npgsql.NpgsqlCommand.<ExecuteDbDataReader>d__100.MoveNext()
--- Fine traccia dello stack da posizione precedente dove è stata generata l'eccezione ---
   in System.Runtime.ExceptionServices.ExceptionDispatchInfo.Throw()
   in System.Runtime.CompilerServices.TaskAwaiter.HandleNonSuccessAndDebuggerNotification(Task task)
   in Npgsql.NpgsqlCommand.ExecuteDbDataReader(CommandBehavior behavior)
   in Npgsql.NpgsqlCommand.ExecuteReader()
   in PointBlank.Core.Managers.Events.EventRankUpSyncer.GenerateList() in E:\Progetti\Point-Blank-Revolution\PointBlank.Core\Managers\Events\EventRankUpSyncer.cs:riga 23
10:39:20 [Error] Npgsql.PostgresException (0x80004005): 42P01: la relazione "events_xmas" non esiste
   in Npgsql.NpgsqlConnector.<>c__DisplayClass161_0.<<ReadMessage>g__ReadMessageLong|0>d.MoveNext()
--- Fine traccia dello stack da posizione precedente dove è stata generata l'eccezione ---
   in System.Runtime.ExceptionServices.ExceptionDispatchInfo.Throw()
   in Npgsql.NpgsqlConnector.<>c__DisplayClass161_0.<<ReadMessage>g__ReadMessageLong|0>d.MoveNext()
--- Fine traccia dello stack da posizione precedente dove è stata generata l'eccezione ---
   in System.Runtime.ExceptionServices.ExceptionDispatchInfo.Throw()
   in Npgsql.NpgsqlDataReader.<NextResult>d__46.MoveNext()
--- Fine traccia dello stack da posizione precedente dove è stata generata l'eccezione ---
   in System.Runtime.ExceptionServices.ExceptionDispatchInfo.Throw()
   in System.Runtime.CompilerServices.TaskAwaiter.HandleNonSuccessAndDebuggerNotification(Task task)
   in Npgsql.NpgsqlDataReader.NextResult()
   in Npgsql.NpgsqlCommand.<ExecuteDbDataReader>d__100.MoveNext()
--- Fine traccia dello stack da posizione precedente dove è stata generata l'eccezione ---
   in System.Runtime.ExceptionServices.ExceptionDispatchInfo.Throw()
   in System.Runtime.CompilerServices.TaskAwaiter.HandleNonSuccessAndDebuggerNotification(Task task)
   in Npgsql.NpgsqlCommand.ExecuteDbDataReader(CommandBehavior behavior)
   in Npgsql.NpgsqlCommand.ExecuteReader()
   in PointBlank.Core.Managers.Events.EventXmasSyncer.GenerateList() in E:\Progetti\Point-Blank-Revolution\PointBlank.Core\Managers\Events\EventXmasSyncer.cs:riga 23
10:39:20 [Error] Npgsql.PostgresException (0x80004005): 42P01: la relazione "info_basic_items" non esiste
   in Npgsql.NpgsqlConnector.<>c__DisplayClass161_0.<<ReadMessage>g__ReadMessageLong|0>d.MoveNext()
--- Fine traccia dello stack da posizione precedente dove è stata generata l'eccezione ---
   in System.Runtime.ExceptionServices.ExceptionDispatchInfo.Throw()
   in Npgsql.NpgsqlConnector.<>c__DisplayClass161_0.<<ReadMessage>g__ReadMessageLong|0>d.MoveNext()
--- Fine traccia dello stack da posizione precedente dove è stata generata l'eccezione ---
   in System.Runtime.ExceptionServices.ExceptionDispatchInfo.Throw()
   in Npgsql.NpgsqlDataReader.<NextResult>d__46.MoveNext()
--- Fine traccia dello stack da posizione precedente dove è stata generata l'eccezione ---
   in System.Runtime.ExceptionServices.ExceptionDispatchInfo.Throw()
   in System.Runtime.CompilerServices.TaskAwaiter.HandleNonSuccessAndDebuggerNotification(Task task)
   in Npgsql.NpgsqlDataReader.NextResult()
   in Npgsql.NpgsqlCommand.<ExecuteDbDataReader>d__100.MoveNext()
--- Fine traccia dello stack da posizione precedente dove è stata generata l'eccezione ---
   in System.Runtime.ExceptionServices.ExceptionDispatchInfo.Throw()
   in System.Runtime.CompilerServices.TaskAwaiter.HandleNonSuccessAndDebuggerNotification(Task task)
   in Npgsql.NpgsqlCommand.ExecuteDbDataReader(CommandBehavior behavior)
   in Npgsql.NpgsqlCommand.ExecuteReader()
   in PointBlank.Core.Xml.BasicInventoryXml.Load() in E:\Progetti\Point-Blank-Revolution\PointBlank.Core\Xml\BasicInventoryXml.cs:riga 24
10:39:20 [Error] Npgsql.PostgresException (0x80004005): 42P01: la relazione "info_gameservers" non esiste
   in Npgsql.NpgsqlConnector.<>c__DisplayClass161_0.<<ReadMessage>g__ReadMessageLong|0>d.MoveNext()
--- Fine traccia dello stack da posizione precedente dove è stata generata l'eccezione ---
   in System.Runtime.ExceptionServices.ExceptionDispatchInfo.Throw()
   in Npgsql.NpgsqlConnector.<>c__DisplayClass161_0.<<ReadMessage>g__ReadMessageLong|0>d.MoveNext()
--- Fine traccia dello stack da posizione precedente dove è stata generata l'eccezione ---
   in System.Runtime.ExceptionServices.ExceptionDispatchInfo.Throw()
   in Npgsql.NpgsqlDataReader.<NextResult>d__46.MoveNext()
--- Fine traccia dello stack da posizione precedente dove è stata generata l'eccezione ---
   in System.Runtime.ExceptionServices.ExceptionDispatchInfo.Throw()
   in System.Runtime.CompilerServices.TaskAwaiter.HandleNonSuccessAndDebuggerNotification(Task task)
   in Npgsql.NpgsqlDataReader.NextResult()
   in Npgsql.NpgsqlCommand.<ExecuteDbDataReader>d__100.MoveNext()
--- Fine traccia dello stack da posizione precedente dove è stata generata l'eccezione ---
   in System.Runtime.ExceptionServices.ExceptionDispatchInfo.Throw()
   in System.Runtime.CompilerServices.TaskAwaiter.HandleNonSuccessAndDebuggerNotification(Task task)
   in Npgsql.NpgsqlCommand.ExecuteDbDataReader(CommandBehavior behavior)
   in Npgsql.NpgsqlCommand.ExecuteReader()
   in PointBlank.Core.Xml.ServersXml.Load() in E:\Progetti\Point-Blank-Revolution\PointBlank.Core\Xml\ServersXml.cs:riga 40
10:39:20 [Error] Npgsql.PostgresException (0x80004005): 42P01: la relazione "info_channels" non esiste
   in Npgsql.NpgsqlConnector.<>c__DisplayClass161_0.<<ReadMessage>g__ReadMessageLong|0>d.MoveNext()
--- Fine traccia dello stack da posizione precedente dove è stata generata l'eccezione ---
   in System.Runtime.ExceptionServices.ExceptionDispatchInfo.Throw()
   in Npgsql.NpgsqlConnector.<>c__DisplayClass161_0.<<ReadMessage>g__ReadMessageLong|0>d.MoveNext()
--- Fine traccia dello stack da posizione precedente dove è stata generata l'eccezione ---
   in System.Runtime.ExceptionServices.ExceptionDispatchInfo.Throw()
   in Npgsql.NpgsqlDataReader.<NextResult>d__46.MoveNext()
--- Fine traccia dello stack da posizione precedente dove è stata generata l'eccezione ---
   in System.Runtime.ExceptionServices.ExceptionDispatchInfo.Throw()
   in System.Runtime.CompilerServices.TaskAwaiter.HandleNonSuccessAndDebuggerNotification(Task task)
   in Npgsql.NpgsqlDataReader.NextResult()
   in Npgsql.NpgsqlCommand.<ExecuteDbDataReader>d__100.MoveNext()
--- Fine traccia dello stack da posizione precedente dove è stata generata l'eccezione ---
   in System.Runtime.ExceptionServices.ExceptionDispatchInfo.Throw()
   in System.Runtime.CompilerServices.TaskAwaiter.HandleNonSuccessAndDebuggerNotification(Task task)
   in Npgsql.NpgsqlCommand.ExecuteDbDataReader(CommandBehavior behavior)
   in Npgsql.NpgsqlCommand.ExecuteReader()
   in PointBlank.Auth.Data.Xml.ChannelsXml.Load(Int32 serverId) in E:\Progetti\Point-Blank-Revolution\PointBlank.Auth\Data\Xml\ChannelsXml.cs:riga 25
10:39:20 [Error] Npgsql.PostgresException (0x80004005): 42P01: la relazione "shop" non esiste
   in Npgsql.NpgsqlConnector.<>c__DisplayClass161_0.<<ReadMessage>g__ReadMessageLong|0>d.MoveNext()
--- Fine traccia dello stack da posizione precedente dove è stata generata l'eccezione ---
   in System.Runtime.ExceptionServices.ExceptionDispatchInfo.Throw()
   in Npgsql.NpgsqlConnector.<>c__DisplayClass161_0.<<ReadMessage>g__ReadMessageLong|0>d.MoveNext()
--- Fine traccia dello stack da posizione precedente dove è stata generata l'eccezione ---
   in System.Runtime.ExceptionServices.ExceptionDispatchInfo.Throw()
   in Npgsql.NpgsqlDataReader.<NextResult>d__46.MoveNext()
--- Fine traccia dello stack da posizione precedente dove è stata generata l'eccezione ---
   in System.Runtime.ExceptionServices.ExceptionDispatchInfo.Throw()
   in System.Runtime.CompilerServices.TaskAwaiter.HandleNonSuccessAndDebuggerNotification(Task task)
   in Npgsql.NpgsqlDataReader.NextResult()
   in Npgsql.NpgsqlCommand.<ExecuteDbDataReader>d__100.MoveNext()
--- Fine traccia dello stack da posizione precedente dove è stata generata l'eccezione ---
   in System.Runtime.ExceptionServices.ExceptionDispatchInfo.Throw()
   in System.Runtime.CompilerServices.TaskAwaiter.HandleNonSuccessAndDebuggerNotification(Task task)
   in Npgsql.NpgsqlCommand.ExecuteDbDataReader(CommandBehavior behavior)
   in Npgsql.NpgsqlCommand.ExecuteReader()
   in PointBlank.Core.Managers.ShopManager.Load(Int32 type) in E:\Progetti\Point-Blank-Revolution\PointBlank.Core\Managers\ShopManager.cs:riga 37
10:39:20 [Error] Npgsql.PostgresException (0x80004005): 42P01: la relazione "shop" non esiste
   in Npgsql.NpgsqlConnector.<>c__DisplayClass161_0.<<ReadMessage>g__ReadMessageLong|0>d.MoveNext()
--- Fine traccia dello stack da posizione precedente dove è stata generata l'eccezione ---
   in System.Runtime.ExceptionServices.ExceptionDispatchInfo.Throw()
   in Npgsql.NpgsqlConnector.<>c__DisplayClass161_0.<<ReadMessage>g__ReadMessageLong|0>d.MoveNext()
--- Fine traccia dello stack da posizione precedente dove è stata generata l'eccezione ---
   in System.Runtime.ExceptionServices.ExceptionDispatchInfo.Throw()
   in Npgsql.NpgsqlDataReader.<NextResult>d__46.MoveNext()
--- Fine traccia dello stack da posizione precedente dove è stata generata l'eccezione ---
   in System.Runtime.ExceptionServices.ExceptionDispatchInfo.Throw()
   in System.Runtime.CompilerServices.TaskAwaiter.HandleNonSuccessAndDebuggerNotification(Task task)
   in Npgsql.NpgsqlDataReader.NextResult()
   in Npgsql.NpgsqlCommand.<ExecuteDbDataReader>d__100.MoveNext()
--- Fine traccia dello stack da posizione precedente dove è stata generata l'eccezione ---
   in System.Runtime.ExceptionServices.ExceptionDispatchInfo.Throw()
   in System.Runtime.CompilerServices.TaskAwaiter.HandleNonSuccessAndDebuggerNotification(Task task)
   in Npgsql.NpgsqlCommand.ExecuteDbDataReader(CommandBehavior behavior)
   in Npgsql.NpgsqlCommand.ExecuteReader()
   in PointBlank.Core.Managers.ShopManager.Load(Int32 type) in E:\Progetti\Point-Blank-Revolution\PointBlank.Core\Managers\ShopManager.cs:riga 37
10:39:20 [Error] Npgsql.PostgresException (0x80004005): 42P01: la relazione "info_rank_awards" non esiste
   in Npgsql.NpgsqlConnector.<>c__DisplayClass161_0.<<ReadMessage>g__ReadMessageLong|0>d.MoveNext()
--- Fine traccia dello stack da posizione precedente dove è stata generata l'eccezione ---
   in System.Runtime.ExceptionServices.ExceptionDispatchInfo.Throw()
   in Npgsql.NpgsqlConnector.<>c__DisplayClass161_0.<<ReadMessage>g__ReadMessageLong|0>d.MoveNext()
--- Fine traccia dello stack da posizione precedente dove è stata generata l'eccezione ---
   in System.Runtime.ExceptionServices.ExceptionDispatchInfo.Throw()
   in Npgsql.NpgsqlDataReader.<NextResult>d__46.MoveNext()
--- Fine traccia dello stack da posizione precedente dove è stata generata l'eccezione ---
   in System.Runtime.ExceptionServices.ExceptionDispatchInfo.Throw()
   in System.Runtime.CompilerServices.TaskAwaiter.HandleNonSuccessAndDebuggerNotification(Task task)
   in Npgsql.NpgsqlDataReader.NextResult()
   in Npgsql.NpgsqlCommand.<ExecuteDbDataReader>d__100.MoveNext()
--- Fine traccia dello stack da posizione precedente dove è stata generata l'eccezione ---
   in System.Runtime.ExceptionServices.ExceptionDispatchInfo.Throw()
   in System.Runtime.CompilerServices.TaskAwaiter.HandleNonSuccessAndDebuggerNotification(Task task)
   in Npgsql.NpgsqlCommand.ExecuteDbDataReader(CommandBehavior behavior)
   in Npgsql.NpgsqlCommand.ExecuteReader()
   in PointBlank.Core.Xml.RankXml.LoadAwards() in E:\Progetti\Point-Blank-Revolution\PointBlank.Core\Xml\RankXml.cs:riga 111
10:39:20 [Error] Npgsql.PostgresException (0x80004005): 42P01: la relazione "info_cupons_flags" non esiste
   in Npgsql.NpgsqlConnector.<>c__DisplayClass161_0.<<ReadMessage>g__ReadMessageLong|0>d.MoveNext()
--- Fine traccia dello stack da posizione precedente dove è stata generata l'eccezione ---
   in System.Runtime.ExceptionServices.ExceptionDispatchInfo.Throw()
   in Npgsql.NpgsqlConnector.<>c__DisplayClass161_0.<<ReadMessage>g__ReadMessageLong|0>d.MoveNext()
--- Fine traccia dello stack da posizione precedente dove è stata generata l'eccezione ---
   in System.Runtime.ExceptionServices.ExceptionDispatchInfo.Throw()
   in Npgsql.NpgsqlDataReader.<NextResult>d__46.MoveNext()
--- Fine traccia dello stack da posizione precedente dove è stata generata l'eccezione ---
   in System.Runtime.ExceptionServices.ExceptionDispatchInfo.Throw()
   in System.Runtime.CompilerServices.TaskAwaiter.HandleNonSuccessAndDebuggerNotification(Task task)
   in Npgsql.NpgsqlDataReader.NextResult()
   in Npgsql.NpgsqlCommand.<ExecuteDbDataReader>d__100.MoveNext()
--- Fine traccia dello stack da posizione precedente dove è stata generata l'eccezione ---
   in System.Runtime.ExceptionServices.ExceptionDispatchInfo.Throw()
   in System.Runtime.CompilerServices.TaskAwaiter.HandleNonSuccessAndDebuggerNotification(Task task)
   in Npgsql.NpgsqlCommand.ExecuteDbDataReader(CommandBehavior behavior)
   in Npgsql.NpgsqlCommand.ExecuteReader()
   in PointBlank.Core.Managers.CouponEffectManager.LoadCouponFlags() in E:\Progetti\Point-Blank-Revolution\PointBlank.Core\Managers\CouponEffectManager.cs:riga 24
10:39:20 [Error] Npgsql.PostgresException (0x80004005): 42P01: la relazione "pc_icafe" non esiste
   in Npgsql.NpgsqlConnector.<>c__DisplayClass161_0.<<ReadMessage>g__ReadMessageLong|0>d.MoveNext()
--- Fine traccia dello stack da posizione precedente dove è stata generata l'eccezione ---
   in System.Runtime.ExceptionServices.ExceptionDispatchInfo.Throw()
   in Npgsql.NpgsqlConnector.<>c__DisplayClass161_0.<<ReadMessage>g__ReadMessageLong|0>d.MoveNext()
--- Fine traccia dello stack da posizione precedente dove è stata generata l'eccezione ---
   in System.Runtime.ExceptionServices.ExceptionDispatchInfo.Throw()
   in Npgsql.NpgsqlDataReader.<NextResult>d__46.MoveNext()
--- Fine traccia dello stack da posizione precedente dove è stata generata l'eccezione ---
   in System.Runtime.ExceptionServices.ExceptionDispatchInfo.Throw()
   in System.Runtime.CompilerServices.TaskAwaiter.HandleNonSuccessAndDebuggerNotification(Task task)
   in Npgsql.NpgsqlDataReader.NextResult()
   in Npgsql.NpgsqlCommand.<ExecuteDbDataReader>d__100.MoveNext()
--- Fine traccia dello stack da posizione precedente dove è stata generata l'eccezione ---
   in System.Runtime.ExceptionServices.ExceptionDispatchInfo.Throw()
   in System.Runtime.CompilerServices.TaskAwaiter.HandleNonSuccessAndDebuggerNotification(Task task)
   in Npgsql.NpgsqlCommand.ExecuteDbDataReader(CommandBehavior behavior)
   in Npgsql.NpgsqlCommand.ExecuteReader()
   in PointBlank.Core.Managers.ICafeManager.GetList() in E:\Progetti\Point-Blank-Revolution\PointBlank.Core\Managers\ICafeManager.cs:riga 26
10:39:20 [Error] Npgsql.PostgresException (0x80004005): 42P01: la relazione "info_missions" non esiste
   in Npgsql.NpgsqlConnector.<>c__DisplayClass161_0.<<ReadMessage>g__ReadMessageLong|0>d.MoveNext()
--- Fine traccia dello stack da posizione precedente dove è stata generata l'eccezione ---
   in System.Runtime.ExceptionServices.ExceptionDispatchInfo.Throw()
   in Npgsql.NpgsqlConnector.<>c__DisplayClass161_0.<<ReadMessage>g__ReadMessageLong|0>d.MoveNext()
--- Fine traccia dello stack da posizione precedente dove è stata generata l'eccezione ---
   in System.Runtime.ExceptionServices.ExceptionDispatchInfo.Throw()
   in Npgsql.NpgsqlDataReader.<NextResult>d__46.MoveNext()
--- Fine traccia dello stack da posizione precedente dove è stata generata l'eccezione ---
   in System.Runtime.ExceptionServices.ExceptionDispatchInfo.Throw()
   in System.Runtime.CompilerServices.TaskAwaiter.HandleNonSuccessAndDebuggerNotification(Task task)
   in Npgsql.NpgsqlDataReader.NextResult()
   in Npgsql.NpgsqlCommand.<ExecuteDbDataReader>d__100.MoveNext()
--- Fine traccia dello stack da posizione precedente dove è stata generata l'eccezione ---
   in System.Runtime.ExceptionServices.ExceptionDispatchInfo.Throw()
   in System.Runtime.CompilerServices.TaskAwaiter.HandleNonSuccessAndDebuggerNotification(Task task)
   in Npgsql.NpgsqlCommand.ExecuteDbDataReader(CommandBehavior behavior)
   in Npgsql.NpgsqlCommand.ExecuteReader()
   in PointBlank.Core.Xml.MissionsXml.Load() in E:\Progetti\Point-Blank-Revolution\PointBlank.Core\Xml\MissionsXml.cs:riga 24
10:39:20 [Error] Npgsql.PostgresException (0x80004005): 42P01: la relazione "info_login_configs" non esiste
   in Npgsql.NpgsqlConnector.<>c__DisplayClass161_0.<<ReadMessage>g__ReadMessageLong|0>d.MoveNext()
--- Fine traccia dello stack da posizione precedente dove è stata generata l'eccezione ---
   in System.Runtime.ExceptionServices.ExceptionDispatchInfo.Throw()
   in Npgsql.NpgsqlConnector.<>c__DisplayClass161_0.<<ReadMessage>g__ReadMessageLong|0>d.MoveNext()
--- Fine traccia dello stack da posizione precedente dove è stata generata l'eccezione ---
   in System.Runtime.ExceptionServices.ExceptionDispatchInfo.Throw()
   in Npgsql.NpgsqlDataReader.<NextResult>d__46.MoveNext()
--- Fine traccia dello stack da posizione precedente dove è stata generata l'eccezione ---
   in System.Runtime.ExceptionServices.ExceptionDispatchInfo.Throw()
   in System.Runtime.CompilerServices.TaskAwaiter.HandleNonSuccessAndDebuggerNotification(Task task)
   in Npgsql.NpgsqlDataReader.NextResult()
   in Npgsql.NpgsqlCommand.<ExecuteDbDataReader>d__100.MoveNext()
--- Fine traccia dello stack da posizione precedente dove è stata generata l'eccezione ---
   in System.Runtime.ExceptionServices.ExceptionDispatchInfo.Throw()
   in System.Runtime.CompilerServices.TaskAwaiter.HandleNonSuccessAndDebuggerNotification(Task task)
   in Npgsql.NpgsqlCommand.ExecuteDbDataReader(CommandBehavior behavior)
   in Npgsql.NpgsqlCommand.ExecuteReader()
   in PointBlank.Core.Managers.Server.ServerConfigSyncer.GenerateConfig(Int32 configId) in E:\Progetti\Point-Blank-Revolution\PointBlank.Core\Managers\Server\ServerConfigSyncer.cs:riga 27
10:39:20 [Error] System.Net.Sockets.SocketException (0x80004005): Indirizzo richiesto non valido nel proprio contesto
   in System.Net.Sockets.Socket.DoBind(EndPoint endPointSnapshot, SocketAddress socketAddress)
   in System.Net.Sockets.Socket.Bind(EndPoint localEP)
   in PointBlank.Auth.AuthManager.Start() in E:\Progetti\Point-Blank-Revolution\PointBlank.Auth\AuthManager.cs:riga 31
10:39:20 [Info] Text Encode: Europa occidentale (Windows)
10:39:20 [Info] Mode: Public
10:39:20 [Debug] Active Server. (16/07/21 10:39:20)
